<?xml version="1.0" encoding="UTF-8"?>
<!-- Generated by org.testng.reporters.JUnitReportReporter -->
<testsuite hostname="Vinoth" failures="0" tests="1" name="base.BaseTest" time="1.767" errors="0" timestamp="2025-07-13T07:26:01 IST" skipped="0">
  <testcase classname="base.BaseTest" name="sampleTest" time="1.767"/>
  <system-out/>
</testsuite> <!-- base.BaseTest -->
