<?xml version="1.0" encoding="UTF-8"?>
<!-- Generated by org.testng.reporters.JUnitReportReporter -->
<testsuite hostname="Vinoth" failures="0" tests="4" name="tests.getAllUsers" time="5.174" errors="0" timestamp="2025-07-12T12:38:02 IST" skipped="0">
  <testcase classname="tests.getAllUsers" name="getUserNameBBD" time="2.593"/>
  <system-out/>
  <testcase classname="tests.getAllUsers" name="CreateUserBBD" time="0.829"/>
  <system-out/>
  <testcase classname="tests.getAllUsers" name="UpdateUserBDD" time="0.931"/>
  <system-out/>
  <testcase classname="tests.getAllUsers" name="deleteUserBBD" time="0.821"/>
  <system-out/>
</testsuite> <!-- tests.getAllUsers -->
