<?xml version="1.0" encoding="UTF-8"?>
<!-- Generated by org.testng.reporters.JUnitReportReporter -->
<testsuite hostname="LAPTOP-SKQC2F6E" failures="0" tests="4" name="GetALLEmployees" time="3.782" errors="0" timestamp="2025-03-21T17:53:02 IST" skipped="1">
  <testcase classname="GetALLEmployees" name="deleteUser" time="0.900"/>
  <system-out/>
  <testcase classname="GetALLEmployees" name="CreateUser" time="2.743"/>
  <system-out/>
  <testcase classname="GetALLEmployees" name="getAllEmployees" time="0.139"/>
  <system-out/>
  <testcase classname="GetALLEmployees" name="udpateUser">
    <skipped/>
  </testcase> <!-- udpateUser -->
  <system-out/>
</testsuite> <!-- GetALLEmployees -->
