<?xml version="1.0" encoding="UTF-8"?>
<!-- Generated by org.testng.reporters.JUnitReportReporter -->
<testsuite hostname="LAPTOP-SKQC2F6E" failures="0" tests="3" name="withBBD.getAllUsers" time="2.202" errors="0" timestamp="2025-03-21T18:36:28 IST" skipped="2">
  <testcase classname="withBBD.getAllUsers" name="getUserNameBBD" time="2.202"/>
  <system-out/>
  <testcase classname="withBBD.getAllUsers" name="UpdateUserBDD">
    <skipped/>
  </testcase> <!-- UpdateUserBDD -->
  <system-out/>
  <testcase classname="withBBD.getAllUsers" name="CreateUserBBD">
    <skipped/>
  </testcase> <!-- CreateUserBBD -->
  <system-out/>
</testsuite> <!-- withBBD.getAllUsers -->
