<?xml version="1.0" encoding="UTF-8"?>
<!-- Generated by org.testng.reporters.JUnitReportReporter -->
<testsuite hostname="Vinoth" failures="0" tests="13" name="tests.DynamicallyApi3" time="10.199" errors="0" timestamp="2025-07-13T12:16:30 IST" skipped="0">
  <testcase classname="tests.DynamicallyApi3" name="getUserName_Positive" time="3.263"/>
  <system-out/>
  <testcase classname="tests.DynamicallyApi3" name="createUser_Positive" time="0.753"/>
  <system-out/>
  <testcase classname="tests.DynamicallyApi3" name="updateUser_Positive" time="0.818"/>
  <system-out/>
  <testcase classname="tests.DynamicallyApi3" name="deleteUser_Positive" time="0.607"/>
  <system-out/>
  <testcase classname="tests.DynamicallyApi3" name="getUserName_Negative" time="0.295"/>
  <system-out/>
  <testcase classname="tests.DynamicallyApi3" name="createUser_Negative_EmptyPayload" time="0.521"/>
  <system-out/>
  <testcase classname="tests.DynamicallyApi3" name="updateUser_Negative_InvalidUser" time="0.579"/>
  <system-out/>
  <testcase classname="tests.DynamicallyApi3" name="deleteUser_Negative_InvalidUser" time="0.611"/>
  <system-out/>
  <testcase classname="tests.DynamicallyApi3" name="getUser_InvalidParam" time="0.309"/>
  <system-out/>
  <testcase classname="tests.DynamicallyApi3" name="createUser_MalformedJson" time="0.609"/>
  <system-out/>
  <testcase classname="tests.DynamicallyApi3" name="updateUser_EmptyBody" time="0.630"/>
  <system-out/>
  <testcase classname="tests.DynamicallyApi3" name="deleteUser_InvalidMethod" time="0.595"/>
  <system-out/>
  <testcase classname="tests.DynamicallyApi3" name="createUser_MissingApiKey" time="0.609"/>
  <system-out/>
</testsuite> <!-- tests.DynamicallyApi3 -->
