<?xml version="1.0" encoding="UTF-8"?>
<!-- Generated by org.testng.reporters.JUnitReportReporter -->
<testsuite hostname="Vinoth" failures="0" tests="13" name="tests.DynamicallyApi" time="10.334" errors="1" timestamp="2025-07-13T07:27:04 IST" skipped="0">
  <testcase classname="tests.DynamicallyApi" name="getUserName_Positive" time="1.724">
    <error message="Cannot invoke &quot;com.aventstack.extentreports.ExtentTest.info(String)&quot; because &quot;tests.DynamicallyApi.test&quot; is null" type="java.lang.NullPointerException">
      <![CDATA[java.lang.NullPointerException: Cannot invoke "com.aventstack.extentreports.ExtentTest.info(String)" because "tests.DynamicallyApi.test" is null
at tests.DynamicallyApi.getUserName_Positive(DynamicallyApi.java:30)
at java.base/jdk.internal.reflect.NativeMethodAccessorImpl.invoke0(Native Method)
at java.base/jdk.internal.reflect.NativeMethodAccessorImpl.invoke(NativeMethodAccessorImpl.java:77)
at java.base/jdk.internal.reflect.DelegatingMethodAccessorImpl.invoke(DelegatingMethodAccessorImpl.java:43)
at java.base/java.lang.reflect.Method.invoke(Method.java:568)
at org.testng.internal.MethodInvocationHelper.invokeMethod(MethodInvocationHelper.java:133)
at org.testng.internal.TestInvoker.invokeMethod(TestInvoker.java:598)
at org.testng.internal.TestInvoker.invokeTestMethod(TestInvoker.java:173)
at org.testng.internal.MethodRunner.runInSequence(MethodRunner.java:46)
at org.testng.internal.TestInvoker$MethodInvocationAgent.invoke(TestInvoker.java:824)
at org.testng.internal.TestInvoker.invokeTestMethods(TestInvoker.java:146)
at org.testng.internal.TestMethodWorker.invokeTestMethods(TestMethodWorker.java:146)
at org.testng.internal.TestMethodWorker.run(TestMethodWorker.java:128)
at java.base/java.util.ArrayList.forEach(ArrayList.java:1511)
at org.testng.TestRunner.privateRun(TestRunner.java:794)
at org.testng.TestRunner.run(TestRunner.java:596)
at org.testng.SuiteRunner.runTest(SuiteRunner.java:377)
at org.testng.SuiteRunner.runSequentially(SuiteRunner.java:371)
at org.testng.SuiteRunner.privateRun(SuiteRunner.java:332)
at org.testng.SuiteRunner.run(SuiteRunner.java:276)
at org.testng.SuiteRunnerWorker.runSuite(SuiteRunnerWorker.java:53)
at org.testng.SuiteRunnerWorker.run(SuiteRunnerWorker.java:96)
at org.testng.TestNG.runSuitesSequentially(TestNG.java:1212)
at org.testng.TestNG.runSuitesLocally(TestNG.java:1134)
at org.testng.TestNG.runSuites(TestNG.java:1063)
at org.testng.TestNG.run(TestNG.java:1031)
at org.testng.remote.AbstractRemoteTestNG.run(AbstractRemoteTestNG.java:115)
at org.testng.remote.RemoteTestNG.initAndRun(RemoteTestNG.java:293)
at org.testng.remote.RemoteTestNG.main(RemoteTestNG.java:91)
]]>
    </error>
  </testcase> <!-- getUserName_Positive -->
  <system-out/>
  <testcase classname="tests.DynamicallyApi" name="createUser_Positive" time="1.835"/>
  <system-out/>
  <testcase classname="tests.DynamicallyApi" name="updateUser_Positive" time="0.808"/>
  <system-out/>
  <testcase classname="tests.DynamicallyApi" name="deleteUser_Positive" time="0.794"/>
  <system-out/>
  <testcase classname="tests.DynamicallyApi" name="getUserName_Negative" time="0.359"/>
  <system-out/>
  <testcase classname="tests.DynamicallyApi" name="createUser_Negative_EmptyPayload" time="0.616"/>
  <system-out/>
  <testcase classname="tests.DynamicallyApi" name="updateUser_Negative_InvalidUser" time="0.955"/>
  <system-out/>
  <testcase classname="tests.DynamicallyApi" name="deleteUser_Negative_InvalidUser" time="0.663"/>
  <system-out/>
  <testcase classname="tests.DynamicallyApi" name="getUser_InvalidParam" time="0.178"/>
  <system-out/>
  <testcase classname="tests.DynamicallyApi" name="createUser_MalformedJson" time="0.621"/>
  <system-out/>
  <testcase classname="tests.DynamicallyApi" name="updateUser_EmptyBody" time="0.637"/>
  <system-out/>
  <testcase classname="tests.DynamicallyApi" name="deleteUser_InvalidMethod" time="0.575"/>
  <system-out/>
  <testcase classname="tests.DynamicallyApi" name="createUser_MissingApiKey" time="0.569"/>
  <system-out/>
</testsuite> <!-- tests.DynamicallyApi -->
