<?xml version="1.0" encoding="UTF-8"?>
<!-- Generated by org.testng.reporters.JUnitReportReporter -->
<testsuite hostname="Vinoth" failures="0" tests="4" name="withOutBBD.GetALLEmployees" time="3.630" errors="0" timestamp="2025-06-21T12:25:43 IST" skipped="1">
  <testcase classname="withOutBBD.GetALLEmployees" name="getAllEmployees" time="0.116"/>
  <system-out/>
  <testcase classname="withOutBBD.GetALLEmployees" name="CreateUser" time="3.007"/>
  <system-out/>
  <testcase classname="withOutBBD.GetALLEmployees" name="deleteUser" time="0.507"/>
  <system-out/>
  <testcase classname="withOutBBD.GetALLEmployees" name="udpateUser">
    <skipped/>
  </testcase> <!-- udpateUser -->
  <system-out/>
</testsuite> <!-- withOutBBD.GetALLEmployees -->
